Running: ./testmodel.py --libraries=/home/runner/.openmodelica/libraries/ --ompython_omhome= PNlib_1.1_PNlib.Examples.ConTest.LoopAndArcweight.conf.json
loadFile("/home/runner/.openmodelica/libraries/ModelicaServices 3.2.1+maint.om/package.mo", uses=false)
loadFile("/home/runner/.openmodelica/libraries/Complex 3.2.1+maint.om/package.mo", uses=false)
loadFile("/home/runner/.openmodelica/libraries/Modelica 3.2.1+maint.om/package.mo", uses=false)
loadFile("/home/runner/work/ExampleModelicaLibrary/ExampleModelicaLibrary/PNlib/package.mo", uses=false)
Using package PNlib with version 1.3 (/home/runner/work/ExampleModelicaLibrary/ExampleModelicaLibrary/PNlib/package.mo)
Using package Modelica with version 3.2.1 (/home/runner/.openmodelica/libraries/Modelica 3.2.1+maint.om/package.mo)
Using package Complex with version 3.2.1 (/home/runner/.openmodelica/libraries/Complex 3.2.1+maint.om/package.mo)
Using package ModelicaServices with version 3.2.1 (/home/runner/.openmodelica/libraries/ModelicaServices 3.2.1+maint.om/package.mo)
Running command: translateModel(PNlib.Examples.ConTest.LoopAndArcweight,tolerance=1e-06,outputFormat="empty",numberOfIntervals=5000,variableFilter="",fileNamePrefix="PNlib_1.1_PNlib.Examples.ConTest.LoopAndArcweight")
translateModel(PNlib.Examples.ConTest.LoopAndArcweight,tolerance=1e-06,outputFormat="empty",numberOfIntervals=5000,variableFilter="",fileNamePrefix="PNlib_1.1_PNlib.Examples.ConTest.LoopAndArcweight")
Notification: Performance of loadFile(/home/runner/.openmodelica/libraries/ModelicaServices 3.2.1+maint.om/package.mo): time 0.001594/0.001594, allocations: 118.3 kB / 15.61 MB, free: 5.215 MB / 13.93 MB
Notification: Performance of loadFile(/home/runner/.openmodelica/libraries/Complex 3.2.1+maint.om/package.mo): time 0.001531/0.001531, allocations: 170.8 kB / 16.51 MB, free: 4.633 MB / 13.93 MB
Notification: Performance of loadFile(/home/runner/.openmodelica/libraries/Modelica 3.2.1+maint.om/package.mo): time 1.287/1.287, allocations: 170.5 MB / 187.8 MB, free: 10.4 MB / 154.7 MB
[/home/runner/work/ExampleModelicaLibrary/ExampleModelicaLibrary/PNlib/package.order:0:0-0:0:readonly] Warning: The package.order file does not list all .mo files and directories (containing package.mo) present in its directory.
Missing names are:
        Models
[/home/runner/work/ExampleModelicaLibrary/ExampleModelicaLibrary/PNlib/Examples/DisTest/package.order:0:0-0:0:readonly] Warning: The package.order file does not list all .mo files and directories (containing package.mo) present in its directory.
Missing names are:
        TDalone
        PDalone
[/home/runner/work/ExampleModelicaLibrary/ExampleModelicaLibrary/PNlib/Examples/ConTest/package.order:0:0-0:0:readonly] Warning: The package.order file does not list all .mo files and directories (containing package.mo) present in its directory.
Missing names are:
        PCalone
        ConLoopAndArcweight
        TCalone
[/home/runner/work/ExampleModelicaLibrary/ExampleModelicaLibrary/PNlib/Blocks/package.order:0:0-0:0:readonly] Warning: The package.order file does not list all .mo files and directories (containing package.mo) present in its directory.
Missing names are:
        allTrue
        decreasingFactor
Notification: Performance of loadFile(/home/runner/work/ExampleModelicaLibrary/ExampleModelicaLibrary/PNlib/package.mo): time 0.08675/0.08675, allocations: 14.76 MB / 241.2 MB, free: 4.875 MB / 202.7 MB
Notification: Performance of FrontEnd - loaded program: time 0.0008243/0.0008244, allocations: 12 kB / 293.6 MB, free: 15.71 MB / 218.7 MB
Notification: Performance of FrontEnd - Absyn->SCode: time 0.07128/0.07213, allocations: 41.47 MB / 335.1 MB, free: 6.227 MB / 250.7 MB
Notification: Performance of NFInst.instantiate(PNlib.Examples.ConTest.LoopAndArcweight): time 0.003442/0.07561, allocations: 2.657 MB / 337.7 MB, free: 3.543 MB / 250.7 MB
[/home/runner/work/ExampleModelicaLibrary/ExampleModelicaLibrary/PNlib/Blocks/testArcEvent.mo:22:6-28:14:writable] Error: A when-statement may not be used inside a function or a while, if, or for-clause.
Notification: Performance of FrontEnd: time 0.002029/0.07766, allocations: 1.127 MB / 338.9 MB, free: 2.414 MB / 250.7 MB
