Running: ./testmodel.py --libraries=/home/runner/.openmodelica/libraries/ --ompython_omhome= PNlib_1.1_PNlib.Examples.Models.FlushToilet.conf.json
loadFile("/home/runner/.openmodelica/libraries/ModelicaServices 3.2.1+maint.om/package.mo", uses=false)
loadFile("/home/runner/.openmodelica/libraries/Complex 3.2.1+maint.om/package.mo", uses=false)
loadFile("/home/runner/.openmodelica/libraries/Modelica 3.2.1+maint.om/package.mo", uses=false)
loadFile("/home/runner/work/ExampleModelicaLibrary/ExampleModelicaLibrary/PNlib/package.mo", uses=false)
Using package PNlib with version 1.3 (/home/runner/work/ExampleModelicaLibrary/ExampleModelicaLibrary/PNlib/package.mo)
Using package Modelica with version 3.2.1 (/home/runner/.openmodelica/libraries/Modelica 3.2.1+maint.om/package.mo)
Using package Complex with version 3.2.1 (/home/runner/.openmodelica/libraries/Complex 3.2.1+maint.om/package.mo)
Using package ModelicaServices with version 3.2.1 (/home/runner/.openmodelica/libraries/ModelicaServices 3.2.1+maint.om/package.mo)
Running command: translateModel(PNlib.Examples.Models.FlushToilet,tolerance=1e-06,outputFormat="empty",numberOfIntervals=5000,variableFilter="",fileNamePrefix="PNlib_1.1_PNlib.Examples.Models.FlushToilet")
translateModel(PNlib.Examples.Models.FlushToilet,tolerance=1e-06,outputFormat="empty",numberOfIntervals=5000,variableFilter="",fileNamePrefix="PNlib_1.1_PNlib.Examples.Models.FlushToilet")
Notification: Performance of loadFile(/home/runner/.openmodelica/libraries/ModelicaServices 3.2.1+maint.om/package.mo): time 0.001838/0.001838, allocations: 115.2 kB / 15.61 MB, free: 5.25 MB / 13.93 MB
Notification: Performance of loadFile(/home/runner/.openmodelica/libraries/Complex 3.2.1+maint.om/package.mo): time 0.0009823/0.0009823, allocations: 172.1 kB / 16.52 MB, free: 4.652 MB / 13.93 MB
Notification: Performance of loadFile(/home/runner/.openmodelica/libraries/Modelica 3.2.1+maint.om/package.mo): time 1.265/1.265, allocations: 170.5 MB / 187.8 MB, free: 10.38 MB / 154.7 MB
[/home/runner/work/ExampleModelicaLibrary/ExampleModelicaLibrary/PNlib/package.order:0:0-0:0:readonly] Warning: The package.order file does not list all .mo files and directories (containing package.mo) present in its directory.
Missing names are:
        Models
[/home/runner/work/ExampleModelicaLibrary/ExampleModelicaLibrary/PNlib/Examples/DisTest/package.order:0:0-0:0:readonly] Warning: The package.order file does not list all .mo files and directories (containing package.mo) present in its directory.
Missing names are:
        TDalone
        PDalone
[/home/runner/work/ExampleModelicaLibrary/ExampleModelicaLibrary/PNlib/Examples/ConTest/package.order:0:0-0:0:readonly] Warning: The package.order file does not list all .mo files and directories (containing package.mo) present in its directory.
Missing names are:
        PCalone
        ConLoopAndArcweight
        TCalone
[/home/runner/work/ExampleModelicaLibrary/ExampleModelicaLibrary/PNlib/Blocks/package.order:0:0-0:0:readonly] Warning: The package.order file does not list all .mo files and directories (containing package.mo) present in its directory.
Missing names are:
        allTrue
        decreasingFactor
Notification: Performance of loadFile(/home/runner/work/ExampleModelicaLibrary/ExampleModelicaLibrary/PNlib/package.mo): time 0.08669/0.08669, allocations: 14.75 MB / 241.2 MB, free: 4.859 MB / 202.7 MB
Notification: Performance of FrontEnd - loaded program: time 0.0006056/0.0006056, allocations: 23.94 kB / 293.6 MB, free: 15.67 MB / 218.7 MB
Notification: Performance of FrontEnd - Absyn->SCode: time 0.06006/0.06068, allocations: 41.46 MB / 335.1 MB, free: 6.195 MB / 250.7 MB
Notification: Performance of NFInst.instantiate(PNlib.Examples.Models.FlushToilet): time 0.1655/0.2262, allocations: 9.402 MB / 344.5 MB, free: 10.88 MB / 250.7 MB
[/home/runner/work/ExampleModelicaLibrary/ExampleModelicaLibrary/PNlib/Blocks/testArcEvent.mo:22:6-28:14:writable] Error: A when-statement may not be used inside a function or a while, if, or for-clause.
Notification: Performance of FrontEnd: time 0.002568/0.2288, allocations: 1.503 MB / 346 MB, free: 10.12 MB / 250.7 MB
