Running: ./testmodel.py --libraries=/home/runner/.openmodelica/libraries/ --ompython_omhome= PNlib_1.1_PNlib.Examples.Models.PNproBP.Model.conf.json
loadFile("/home/runner/.openmodelica/libraries/ModelicaServices 3.2.1+maint.om/package.mo", uses=false)
loadFile("/home/runner/.openmodelica/libraries/Complex 3.2.1+maint.om/package.mo", uses=false)
loadFile("/home/runner/.openmodelica/libraries/Modelica 3.2.1+maint.om/package.mo", uses=false)
loadFile("/home/runner/work/ExampleModelicaLibrary/ExampleModelicaLibrary/PNlib/package.mo", uses=false)
Using package PNlib with version 1.3 (/home/runner/work/ExampleModelicaLibrary/ExampleModelicaLibrary/PNlib/package.mo)
Using package Modelica with version 3.2.1 (/home/runner/.openmodelica/libraries/Modelica 3.2.1+maint.om/package.mo)
Using package Complex with version 3.2.1 (/home/runner/.openmodelica/libraries/Complex 3.2.1+maint.om/package.mo)
Using package ModelicaServices with version 3.2.1 (/home/runner/.openmodelica/libraries/ModelicaServices 3.2.1+maint.om/package.mo)
Running command: translateModel(PNlib.Examples.Models.PNproBP.Model,tolerance=1e-06,outputFormat="empty",numberOfIntervals=5000,variableFilter="",fileNamePrefix="PNlib_1.1_PNlib.Examples.Models.PNproBP.Model")
translateModel(PNlib.Examples.Models.PNproBP.Model,tolerance=1e-06,outputFormat="empty",numberOfIntervals=5000,variableFilter="",fileNamePrefix="PNlib_1.1_PNlib.Examples.Models.PNproBP.Model")
Notification: Performance of loadFile(/home/runner/.openmodelica/libraries/ModelicaServices 3.2.1+maint.om/package.mo): time 0.00187/0.00187, allocations: 112.8 kB / 15.61 MB, free: 5.195 MB / 13.93 MB
Notification: Performance of loadFile(/home/runner/.openmodelica/libraries/Complex 3.2.1+maint.om/package.mo): time 0.0009717/0.0009717, allocations: 168.1 kB / 16.51 MB, free: 4.609 MB / 13.93 MB
Notification: Performance of loadFile(/home/runner/.openmodelica/libraries/Modelica 3.2.1+maint.om/package.mo): time 1.316/1.316, allocations: 170.5 MB / 187.8 MB, free: 10.37 MB / 154.7 MB
[/home/runner/work/ExampleModelicaLibrary/ExampleModelicaLibrary/PNlib/package.order:0:0-0:0:readonly] Warning: The package.order file does not list all .mo files and directories (containing package.mo) present in its directory.
Missing names are:
        Models
[/home/runner/work/ExampleModelicaLibrary/ExampleModelicaLibrary/PNlib/Examples/DisTest/package.order:0:0-0:0:readonly] Warning: The package.order file does not list all .mo files and directories (containing package.mo) present in its directory.
Missing names are:
        TDalone
        PDalone
[/home/runner/work/ExampleModelicaLibrary/ExampleModelicaLibrary/PNlib/Examples/ConTest/package.order:0:0-0:0:readonly] Warning: The package.order file does not list all .mo files and directories (containing package.mo) present in its directory.
Missing names are:
        PCalone
        ConLoopAndArcweight
        TCalone
[/home/runner/work/ExampleModelicaLibrary/ExampleModelicaLibrary/PNlib/Blocks/package.order:0:0-0:0:readonly] Warning: The package.order file does not list all .mo files and directories (containing package.mo) present in its directory.
Missing names are:
        allTrue
        decreasingFactor
Notification: Performance of loadFile(/home/runner/work/ExampleModelicaLibrary/ExampleModelicaLibrary/PNlib/package.mo): time 0.088/0.088, allocations: 14.75 MB / 241.2 MB, free: 4.859 MB / 202.7 MB
Notification: Performance of FrontEnd - loaded program: time 0.0005689/0.0005689, allocations: 15.98 kB / 293.6 MB, free: 15.67 MB / 218.7 MB
Notification: Performance of FrontEnd - Absyn->SCode: time 0.06066/0.06124, allocations: 41.46 MB / 335.1 MB, free: 6.191 MB / 250.7 MB
Notification: Performance of NFInst.instantiate(PNlib.Examples.Models.PNproBP.Model): time 0.267/0.3283, allocations: 135.2 MB / 470.3 MB, free: 6.918 MB / 362.7 MB
Notification: Performance of NFInst.instExpressions: time 0.3659/0.6942, allocations: 91.66 MB / 0.5488 GB, free: 11.78 MB / 410.7 MB
Notification: Performance of NFInst.updateImplicitVariability: time 0.04373/0.738, allocations: 0.9394 MB / 0.5497 GB, free: 11.78 MB / 410.7 MB
Notification: Performance of NFTyping.typeComponents: time 0.04223/0.7803, allocations: 16.85 MB / 0.5662 GB, free: 3.43 MB / 410.7 MB
Notification: Performance of NFTyping.typeBindings: time 0.06594/0.8463, allocations: 18.32 MB / 0.5841 GB, free: 3.336 MB / 426.7 MB
Notification: Performance of NFTyping.typeClassSections: time 0.09519/0.9415, allocations: 44.98 MB / 0.628 GB, free: 7.199 MB / 474.7 MB
Notification: Performance of NFFlatten.flatten: time 0.7235/1.665, allocations: 186.2 MB / 0.8098 GB, free: 13.81 MB / 0.5262 GB
Notification: Performance of NFFlatten.resolveConnections: time 0.08717/1.752, allocations: 60.21 MB / 0.8686 GB, free: 4.48 MB / 0.573 GB
[/home/runner/work/ExampleModelicaLibrary/ExampleModelicaLibrary/PNlib/Functions/Random/randomMax.mo:2:1-10:14:writable] Error: External function '_randomMax' could not be found in any of the given shared libraries:
  /home/runner/work/ExampleModelicaLibrary/ExampleModelicaLibrary/OpenModelicaLibraryTesting/PNlib_1.1_PNlib.Examples.Models.PNproBP.Model/
Notification: Performance of FrontEnd: time 0.7217/2.474, allocations: 40.1 MB / 0.9078 GB, free: 56.01 MB / 0.5732 GB
