Running: ./testmodel.py --libraries=/home/runner/.openmodelica/libraries/ --ompython_omhome= PNlib_1.1_PNlib.Models.Senseo.Senseo_Model.conf.json
loadFile("/home/runner/.openmodelica/libraries/ModelicaServices 3.2.1+maint.om/package.mo", uses=false)
loadFile("/home/runner/.openmodelica/libraries/Complex 3.2.1+maint.om/package.mo", uses=false)
loadFile("/home/runner/.openmodelica/libraries/Modelica 3.2.1+maint.om/package.mo", uses=false)
loadFile("/home/runner/work/ExampleModelicaLibrary/ExampleModelicaLibrary/PNlib/package.mo", uses=false)
Using package PNlib with version 1.3 (/home/runner/work/ExampleModelicaLibrary/ExampleModelicaLibrary/PNlib/package.mo)
Using package Modelica with version 3.2.1 (/home/runner/.openmodelica/libraries/Modelica 3.2.1+maint.om/package.mo)
Using package Complex with version 3.2.1 (/home/runner/.openmodelica/libraries/Complex 3.2.1+maint.om/package.mo)
Using package ModelicaServices with version 3.2.1 (/home/runner/.openmodelica/libraries/ModelicaServices 3.2.1+maint.om/package.mo)
Running command: translateModel(PNlib.Models.Senseo.Senseo_Model,tolerance=1e-06,outputFormat="empty",numberOfIntervals=5000,variableFilter="",fileNamePrefix="PNlib_1.1_PNlib.Models.Senseo.Senseo_Model")
translateModel(PNlib.Models.Senseo.Senseo_Model,tolerance=1e-06,outputFormat="empty",numberOfIntervals=5000,variableFilter="",fileNamePrefix="PNlib_1.1_PNlib.Models.Senseo.Senseo_Model")
Notification: Performance of loadFile(/home/runner/.openmodelica/libraries/ModelicaServices 3.2.1+maint.om/package.mo): time 0.001932/0.001932, allocations: 114.7 kB / 15.61 MB, free: 5.211 MB / 13.93 MB
Notification: Performance of loadFile(/home/runner/.openmodelica/libraries/Complex 3.2.1+maint.om/package.mo): time 0.0009971/0.0009971, allocations: 172.1 kB / 16.51 MB, free: 4.633 MB / 13.93 MB
Notification: Performance of loadFile(/home/runner/.openmodelica/libraries/Modelica 3.2.1+maint.om/package.mo): time 1.286/1.286, allocations: 170.5 MB / 187.8 MB, free: 10.39 MB / 154.7 MB
[/home/runner/work/ExampleModelicaLibrary/ExampleModelicaLibrary/PNlib/package.order:0:0-0:0:readonly] Warning: The package.order file does not list all .mo files and directories (containing package.mo) present in its directory.
Missing names are:
        Models
[/home/runner/work/ExampleModelicaLibrary/ExampleModelicaLibrary/PNlib/Examples/DisTest/package.order:0:0-0:0:readonly] Warning: The package.order file does not list all .mo files and directories (containing package.mo) present in its directory.
Missing names are:
        TDalone
        PDalone
[/home/runner/work/ExampleModelicaLibrary/ExampleModelicaLibrary/PNlib/Examples/ConTest/package.order:0:0-0:0:readonly] Warning: The package.order file does not list all .mo files and directories (containing package.mo) present in its directory.
Missing names are:
        PCalone
        ConLoopAndArcweight
        TCalone
[/home/runner/work/ExampleModelicaLibrary/ExampleModelicaLibrary/PNlib/Blocks/package.order:0:0-0:0:readonly] Warning: The package.order file does not list all .mo files and directories (containing package.mo) present in its directory.
Missing names are:
        allTrue
        decreasingFactor
Notification: Performance of loadFile(/home/runner/work/ExampleModelicaLibrary/ExampleModelicaLibrary/PNlib/package.mo): time 0.08703/0.08703, allocations: 14.75 MB / 241.2 MB, free: 4.875 MB / 202.7 MB
Notification: Performance of FrontEnd - loaded program: time 0.000568/0.0005681, allocations: 12 kB / 293.6 MB, free: 15.7 MB / 218.7 MB
Notification: Performance of FrontEnd - Absyn->SCode: time 0.06176/0.06234, allocations: 41.47 MB / 335.1 MB, free: 6.223 MB / 250.7 MB
[/home/runner/work/ExampleModelicaLibrary/ExampleModelicaLibrary/PNlib/TC.mo:22:3-22:76:writable] Warning: An inner declaration for outer component settings could not be found and was automatically generated.
[/home/runner/work/ExampleModelicaLibrary/ExampleModelicaLibrary/PNlib/TC.mo:22:3-22:76:writable] Notification: The diagnostics message for the missing inner is: The settings object is missing
Notification: Performance of NFInst.instantiate(PNlib.Models.Senseo.Senseo_Model): time 0.2128/0.2752, allocations: 38.96 MB / 374 MB, free: 7.109 MB / 266.7 MB
[/home/runner/work/ExampleModelicaLibrary/ExampleModelicaLibrary/PNlib/Blocks/testArcEvent.mo:22:6-28:14:writable] Error: A when-statement may not be used inside a function or a while, if, or for-clause.
Notification: Performance of FrontEnd: time 0.0007948/0.276, allocations: 215.1 kB / 374.2 MB, free: 6.918 MB / 266.7 MB
