Running: ./testmodel.py --libraries=/home/runner/.openmodelica/libraries/ --ompython_omhome= PNlib_1.1_PNlib.Examples.ConTest.SinglePC.conf.json
loadFile("/home/runner/.openmodelica/libraries/ModelicaServices 3.2.1+maint.om/package.mo", uses=false)
loadFile("/home/runner/.openmodelica/libraries/Complex 3.2.1+maint.om/package.mo", uses=false)
loadFile("/home/runner/.openmodelica/libraries/Modelica 3.2.1+maint.om/package.mo", uses=false)
loadFile("/home/runner/work/ExampleModelicaLibrary/ExampleModelicaLibrary/PNlib/package.mo", uses=false)
Using package PNlib with version 1.3 (/home/runner/work/ExampleModelicaLibrary/ExampleModelicaLibrary/PNlib/package.mo)
Using package Modelica with version 3.2.1 (/home/runner/.openmodelica/libraries/Modelica 3.2.1+maint.om/package.mo)
Using package Complex with version 3.2.1 (/home/runner/.openmodelica/libraries/Complex 3.2.1+maint.om/package.mo)
Using package ModelicaServices with version 3.2.1 (/home/runner/.openmodelica/libraries/ModelicaServices 3.2.1+maint.om/package.mo)
Running command: translateModel(PNlib.Examples.ConTest.SinglePC,tolerance=1e-06,outputFormat="empty",numberOfIntervals=5000,variableFilter="",fileNamePrefix="PNlib_1.1_PNlib.Examples.ConTest.SinglePC")
translateModel(PNlib.Examples.ConTest.SinglePC,tolerance=1e-06,outputFormat="empty",numberOfIntervals=5000,variableFilter="",fileNamePrefix="PNlib_1.1_PNlib.Examples.ConTest.SinglePC")
Notification: Performance of loadFile(/home/runner/.openmodelica/libraries/ModelicaServices 3.2.1+maint.om/package.mo): time 0.001756/0.001756, allocations: 119.3 kB / 15.61 MB, free: 4.754 MB / 13.93 MB
Notification: Performance of loadFile(/home/runner/.openmodelica/libraries/Complex 3.2.1+maint.om/package.mo): time 0.0009811/0.0009811, allocations: 168.6 kB / 16.51 MB, free: 4.328 MB / 13.93 MB
Notification: Performance of loadFile(/home/runner/.openmodelica/libraries/Modelica 3.2.1+maint.om/package.mo): time 1.26/1.26, allocations: 170.5 MB / 187.8 MB, free: 10.38 MB / 154.7 MB
[/home/runner/work/ExampleModelicaLibrary/ExampleModelicaLibrary/PNlib/package.order:0:0-0:0:readonly] Warning: The package.order file does not list all .mo files and directories (containing package.mo) present in its directory.
Missing names are:
        Models
[/home/runner/work/ExampleModelicaLibrary/ExampleModelicaLibrary/PNlib/Examples/DisTest/package.order:0:0-0:0:readonly] Warning: The package.order file does not list all .mo files and directories (containing package.mo) present in its directory.
Missing names are:
        TDalone
        PDalone
[/home/runner/work/ExampleModelicaLibrary/ExampleModelicaLibrary/PNlib/Examples/ConTest/package.order:0:0-0:0:readonly] Warning: The package.order file does not list all .mo files and directories (containing package.mo) present in its directory.
Missing names are:
        PCalone
        ConLoopAndArcweight
        TCalone
[/home/runner/work/ExampleModelicaLibrary/ExampleModelicaLibrary/PNlib/Blocks/package.order:0:0-0:0:readonly] Warning: The package.order file does not list all .mo files and directories (containing package.mo) present in its directory.
Missing names are:
        allTrue
        decreasingFactor
Notification: Performance of loadFile(/home/runner/work/ExampleModelicaLibrary/ExampleModelicaLibrary/PNlib/package.mo): time 0.09277/0.09277, allocations: 14.75 MB / 241.2 MB, free: 4.863 MB / 202.7 MB
Notification: Performance of FrontEnd - loaded program: time 0.0008154/0.0008154, allocations: 20 kB / 293.6 MB, free: 15.67 MB / 218.7 MB
Notification: Performance of FrontEnd - Absyn->SCode: time 0.07442/0.07525, allocations: 41.47 MB / 335.1 MB, free: 6.191 MB / 250.7 MB
Notification: Performance of NFInst.instantiate(PNlib.Examples.ConTest.SinglePC): time 0.003587/0.07889, allocations: 1.427 MB / 336.5 MB, free: 4.75 MB / 250.7 MB
Notification: Performance of NFInst.instExpressions: time 0.002313/0.08122, allocations: 0.955 MB / 337.5 MB, free: 3.793 MB / 250.7 MB
Notification: Performance of NFInst.updateImplicitVariability: time 0.0001935/0.08144, allocations: 11.94 kB / 337.5 MB, free: 3.781 MB / 250.7 MB
Notification: Performance of NFTyping.typeComponents: time 0.0002893/0.08174, allocations: 83.27 kB / 337.5 MB, free: 3.699 MB / 250.7 MB
Notification: Performance of NFTyping.typeBindings: time 0.0003453/0.08211, allocations: 75.38 kB / 337.6 MB, free: 3.625 MB / 250.7 MB
Notification: Performance of NFTyping.typeClassSections: time 0.001415/0.08354, allocations: 443.4 kB / 338.1 MB, free: 3.191 MB / 250.7 MB
Notification: Performance of NFFlatten.flatten: time 0.001021/0.08457, allocations: 0.8778 MB / 338.9 MB, free: 2.312 MB / 250.7 MB
Notification: Performance of NFFlatten.resolveConnections: time 0.0001049/0.08469, allocations: 37.02 kB / 339 MB, free: 2.273 MB / 250.7 MB
[/home/runner/work/ExampleModelicaLibrary/ExampleModelicaLibrary/PNlib/Functions/Random/randomMax.mo:2:1-10:14:writable] Error: External function '_randomMax' could not be found in any of the given shared libraries:
  /home/runner/work/ExampleModelicaLibrary/ExampleModelicaLibrary/OpenModelicaLibraryTesting/PNlib_1.1_PNlib.Examples.ConTest.SinglePC/
Notification: Performance of FrontEnd: time 0.0002916/0.085, allocations: 155.2 kB / 339.1 MB, free: 2.121 MB / 250.7 MB
