Running: ./testmodel.py --libraries=/home/runner/.openmodelica/libraries/ --ompython_omhome= PNlib_1.1_PNlib.Examples.ConTest.ConflictLoop.conf.json
loadFile("/home/runner/.openmodelica/libraries/ModelicaServices 3.2.1+maint.om/package.mo", uses=false)
loadFile("/home/runner/.openmodelica/libraries/Complex 3.2.1+maint.om/package.mo", uses=false)
loadFile("/home/runner/.openmodelica/libraries/Modelica 3.2.1+maint.om/package.mo", uses=false)
loadFile("/home/runner/work/ExampleModelicaLibrary/ExampleModelicaLibrary/PNlib/package.mo", uses=false)
Using package PNlib with version 1.3 (/home/runner/work/ExampleModelicaLibrary/ExampleModelicaLibrary/PNlib/package.mo)
Using package Modelica with version 3.2.1 (/home/runner/.openmodelica/libraries/Modelica 3.2.1+maint.om/package.mo)
Using package Complex with version 3.2.1 (/home/runner/.openmodelica/libraries/Complex 3.2.1+maint.om/package.mo)
Using package ModelicaServices with version 3.2.1 (/home/runner/.openmodelica/libraries/ModelicaServices 3.2.1+maint.om/package.mo)
Running command: translateModel(PNlib.Examples.ConTest.ConflictLoop,tolerance=1e-06,outputFormat="empty",numberOfIntervals=5000,variableFilter="",fileNamePrefix="PNlib_1.1_PNlib.Examples.ConTest.ConflictLoop")
translateModel(PNlib.Examples.ConTest.ConflictLoop,tolerance=1e-06,outputFormat="empty",numberOfIntervals=5000,variableFilter="",fileNamePrefix="PNlib_1.1_PNlib.Examples.ConTest.ConflictLoop")
Notification: Performance of loadFile(/home/runner/.openmodelica/libraries/ModelicaServices 3.2.1+maint.om/package.mo): time 0.001877/0.001877, allocations: 113.3 kB / 15.61 MB, free: 5.191 MB / 13.93 MB
Notification: Performance of loadFile(/home/runner/.openmodelica/libraries/Complex 3.2.1+maint.om/package.mo): time 0.0009769/0.0009769, allocations: 172.1 kB / 16.51 MB, free: 4.605 MB / 13.93 MB
Notification: Performance of loadFile(/home/runner/.openmodelica/libraries/Modelica 3.2.1+maint.om/package.mo): time 1.279/1.279, allocations: 170.5 MB / 187.8 MB, free: 10.39 MB / 154.7 MB
[/home/runner/work/ExampleModelicaLibrary/ExampleModelicaLibrary/PNlib/package.order:0:0-0:0:readonly] Warning: The package.order file does not list all .mo files and directories (containing package.mo) present in its directory.
Missing names are:
        Models
[/home/runner/work/ExampleModelicaLibrary/ExampleModelicaLibrary/PNlib/Examples/DisTest/package.order:0:0-0:0:readonly] Warning: The package.order file does not list all .mo files and directories (containing package.mo) present in its directory.
Missing names are:
        TDalone
        PDalone
[/home/runner/work/ExampleModelicaLibrary/ExampleModelicaLibrary/PNlib/Examples/ConTest/package.order:0:0-0:0:readonly] Warning: The package.order file does not list all .mo files and directories (containing package.mo) present in its directory.
Missing names are:
        PCalone
        ConLoopAndArcweight
        TCalone
[/home/runner/work/ExampleModelicaLibrary/ExampleModelicaLibrary/PNlib/Blocks/package.order:0:0-0:0:readonly] Warning: The package.order file does not list all .mo files and directories (containing package.mo) present in its directory.
Missing names are:
        allTrue
        decreasingFactor
Notification: Performance of loadFile(/home/runner/work/ExampleModelicaLibrary/ExampleModelicaLibrary/PNlib/package.mo): time 0.08714/0.08714, allocations: 14.75 MB / 241.2 MB, free: 4.879 MB / 202.7 MB
Notification: Performance of FrontEnd - loaded program: time 0.0005857/0.0005858, allocations: 16 kB / 293.6 MB, free: 15.7 MB / 218.7 MB
Notification: Performance of FrontEnd - Absyn->SCode: time 0.05995/0.06056, allocations: 41.46 MB / 335.1 MB, free: 6.223 MB / 250.7 MB
Notification: Performance of NFInst.instantiate(PNlib.Examples.ConTest.ConflictLoop): time 0.004673/0.06527, allocations: 4.292 MB / 339.4 MB, free: 1.902 MB / 250.7 MB
[/home/runner/work/ExampleModelicaLibrary/ExampleModelicaLibrary/PNlib/Blocks/testArcEvent.mo:22:6-28:14:writable] Error: A when-statement may not be used inside a function or a while, if, or for-clause.
Notification: Performance of FrontEnd: time 0.0004321/0.06573, allocations: 179.6 kB / 339.5 MB, free: 1.727 MB / 250.7 MB
