Running: ./testmodel.py --libraries=/home/runner/.openmodelica/libraries/ --ompython_omhome= PNlib_pr-1_PNlib.Models.PNproBP.Model.conf.json
loadFile("/home/runner/.openmodelica/libraries/ModelicaServices 1.1.0/package.mo", uses=false)
loadFile("/home/runner/.openmodelica/libraries/Complex 1.1.0/package.mo", uses=false)
loadFile("/home/runner/.openmodelica/libraries/Modelica 3.2.0+maint.om/package.mo", uses=false)
loadFile("/home/runner/work/ExampleModelicaLibrary/ExampleModelicaLibrary/PNlib.mo", uses=false)
Using package PNlib with version 1 (/home/runner/work/ExampleModelicaLibrary/ExampleModelicaLibrary/PNlib.mo)
Using package Modelica with version 3.2 (/home/runner/.openmodelica/libraries/Modelica 3.2.0+maint.om/package.mo)
Using package Complex with version 1.1 (/home/runner/.openmodelica/libraries/Complex 1.1.0/package.mo)
Using package ModelicaServices with version 1.1 (/home/runner/.openmodelica/libraries/ModelicaServices 1.1.0/package.mo)
Running command: translateModel(PNlib.Models.PNproBP.Model,tolerance=1e-06,outputFormat="empty",numberOfIntervals=5000,variableFilter="",fileNamePrefix="PNlib_pr-1_PNlib.Models.PNproBP.Model")
translateModel(PNlib.Models.PNproBP.Model,tolerance=1e-06,outputFormat="empty",numberOfIntervals=5000,variableFilter="",fileNamePrefix="PNlib_pr-1_PNlib.Models.PNproBP.Model")
Notification: Performance of loadFile(/home/runner/.openmodelica/libraries/ModelicaServices 1.1.0/package.mo): time 0.001731/0.001731, allocations: 81.22 kB / 15.58 MB, free: 5.273 MB / 13.93 MB
Notification: Performance of loadFile(/home/runner/.openmodelica/libraries/Complex 1.1.0/package.mo): time 0.000854/0.000854, allocations: 155.2 kB / 16.46 MB, free: 4.707 MB / 13.93 MB
[/home/runner/.openmodelica/libraries/Modelica 3.2.0+maint.om/Fluid/Dissipation.mo:8490:35-8490:107:writable] Warning: The file was not encoded in UTF-8:
  "  <html> <p> Calculation of a generic pressure loss in dependence of nom...".
  Defaulting to 7-bit ASCII with unknown characters replaced by '?'.
  To change encoding when loading a file: loadFile(encoding="ISO-XXXX-YY").
  To change it in a package: add a file package.encoding at the top-level.
  Note: The Modelica Language Specification only allows files encoded in UTF-8.
[/home/runner/.openmodelica/libraries/Modelica 3.2.0+maint.om/Fluid/Dissipation.mo:8600:35-8600:107:writable] Warning: The file was not encoded in UTF-8:
  " <html> <p> Calculation of a generic pressure loss in dependence of nomi...".
  Defaulting to 7-bit ASCII with unknown characters replaced by '?'.
  To change encoding when loading a file: loadFile(encoding="ISO-XXXX-YY").
  To change it in a package: add a file package.encoding at the top-level.
  Note: The Modelica Language Specification only allows files encoded in UTF-8.
[/home/runner/.openmodelica/libraries/Modelica 3.2.0+maint.om/Fluid/Dissipation.mo:8738:35-8738:107:writable] Warning: The file was not encoded in UTF-8:
  " <html> <p> Calculation of a generic pressure loss in dependence of a pr...".
  Defaulting to 7-bit ASCII with unknown characters replaced by '?'.
  To change encoding when loading a file: loadFile(encoding="ISO-XXXX-YY").
  To change it in a package: add a file package.encoding at the top-level.
  Note: The Modelica Language Specification only allows files encoded in UTF-8.
[/home/runner/.openmodelica/libraries/Modelica 3.2.0+maint.om/Fluid/Dissipation.mo:8793:35-8793:107:writable] Warning: The file was not encoded in UTF-8:
  " <html> <p> Calculation of a generic pressure loss with linear or quadra...".
  Defaulting to 7-bit ASCII with unknown characters replaced by '?'.
  To change encoding when loading a file: loadFile(encoding="ISO-XXXX-YY").
  To change it in a package: add a file package.encoding at the top-level.
  Note: The Modelica Language Specification only allows files encoded in UTF-8.
Notification: Performance of loadFile(/home/runner/.openmodelica/libraries/Modelica 3.2.0+maint.om/package.mo): time 1.096/1.096, allocations: 150.5 MB / 167.7 MB, free: 1.914 MB / 138.7 MB
[/home/runner/work/ExampleModelicaLibrary/ExampleModelicaLibrary/PNlib.mo:5:36-5:10805:writable] Warning: Lexer treating \ as \\, since \P is not a valid Modelica escape sequence.
[/home/runner/work/ExampleModelicaLibrary/ExampleModelicaLibrary/PNlib.mo:5:36-5:10825:writable] Warning: Lexer treating \ as \\, since \D is not a valid Modelica escape sequence.
[/home/runner/work/ExampleModelicaLibrary/ExampleModelicaLibrary/PNlib.mo:5:36-5:10842:writable] Warning: Lexer treating \ as \\, since \S is not a valid Modelica escape sequence.
[/home/runner/work/ExampleModelicaLibrary/ExampleModelicaLibrary/PNlib.mo:5:36-5:27850:writable] Warning: Lexer treating \ as \\, since \P is not a valid Modelica escape sequence.
[/home/runner/work/ExampleModelicaLibrary/ExampleModelicaLibrary/PNlib.mo:5:36-5:27870:writable] Warning: Lexer treating \ as \\, since \D is not a valid Modelica escape sequence.
[/home/runner/work/ExampleModelicaLibrary/ExampleModelicaLibrary/PNlib.mo:5:36-5:27887:writable] Warning: Lexer treating \ as \\, since \S is not a valid Modelica escape sequence.
[/home/runner/work/ExampleModelicaLibrary/ExampleModelicaLibrary/PNlib.mo:5:36-5:108:writable] Warning: The file was not encoded in UTF-8:
  "<html> <p> <h1>Extended Hybrid Petri Nets (xHPN)</h1> <p> The xHPN forma...".
  Defaulting to 7-bit ASCII with unknown characters replaced by '?'.
  To change encoding when loading a file: loadFile(encoding="ISO-XXXX-YY").
  To change it in a package: add a file package.encoding at the top-level.
  Note: The Modelica Language Specification only allows files encoded in UTF-8.
[/home/runner/work/ExampleModelicaLibrary/ExampleModelicaLibrary/PNlib.mo:568:36-568:108:writable] Warning: The file was not encoded in UTF-8:
  "<html>   <table border=0 cellspacing=0 cellpadding=2>     <tr>       <td...".
  Defaulting to 7-bit ASCII with unknown characters replaced by '?'.
  To change encoding when loading a file: loadFile(encoding="ISO-XXXX-YY").
  To change it in a package: add a file package.encoding at the top-level.
  Note: The Modelica Language Specification only allows files encoded in UTF-8.
[/home/runner/work/ExampleModelicaLibrary/ExampleModelicaLibrary/PNlib.mo:606:35-606:1068:writable] Warning: Lexer treating \ as \\, since \h is not a valid Modelica escape sequence.
[/home/runner/work/ExampleModelicaLibrary/ExampleModelicaLibrary/PNlib.mo:606:35-606:107:writable] Warning: The file was not encoded in UTF-8:
  "<html>  <p>This package is developed an maintained by the following cont...".
  Defaulting to 7-bit ASCII with unknown characters replaced by '?'.
  To change encoding when loading a file: loadFile(encoding="ISO-XXXX-YY").
  To change it in a package: add a file package.encoding at the top-level.
  Note: The Modelica Language Specification only allows files encoded in UTF-8.
[/home/runner/work/ExampleModelicaLibrary/ExampleModelicaLibrary/PNlib.mo:645:13-645:85:writable] Warning: The file was not encoded in UTF-8:
  "<html> <table border="1" cellspacing="0" cellpadding="2">     <tr>...".
  Defaulting to 7-bit ASCII with unknown characters replaced by '?'.
  To change encoding when loading a file: loadFile(encoding="ISO-XXXX-YY").
  To change it in a package: add a file package.encoding at the top-level.
  Note: The Modelica Language Specification only allows files encoded in UTF-8.
[/home/runner/work/ExampleModelicaLibrary/ExampleModelicaLibrary/PNlib.mo:4068:30-4068:56:writable] Warning: The file was not encoded in UTF-8:
  "Enviroment temperatur [?C]".
  Defaulting to 7-bit ASCII with unknown characters replaced by '?'.
  To change encoding when loading a file: loadFile(encoding="ISO-XXXX-YY").
  To change it in a package: add a file package.encoding at the top-level.
  Note: The Modelica Language Specification only allows files encoded in UTF-8.
[/home/runner/work/ExampleModelicaLibrary/ExampleModelicaLibrary/PNlib.mo:4069:30-4069:59:writable] Warning: The file was not encoded in UTF-8:
  "Temperature of new water [?C]".
  Defaulting to 7-bit ASCII with unknown characters replaced by '?'.
  To change encoding when loading a file: loadFile(encoding="ISO-XXXX-YY").
  To change it in a package: add a file package.encoding at the top-level.
  Note: The Modelica Language Specification only allows files encoded in UTF-8.
[/home/runner/work/ExampleModelicaLibrary/ExampleModelicaLibrary/PNlib.mo:4483:36-4483:108:writable] Warning: The file was not encoded in UTF-8:
  "<html> <h1>Background</h1> <p> A model of a Senseo coffee machine is pre...".
  Defaulting to 7-bit ASCII with unknown characters replaced by '?'.
  To change encoding when loading a file: loadFile(encoding="ISO-XXXX-YY").
  To change it in a package: add a file package.encoding at the top-level.
  Note: The Modelica Language Specification only allows files encoded in UTF-8.
Notification: Performance of loadFile(/home/runner/work/ExampleModelicaLibrary/ExampleModelicaLibrary/PNlib.mo): time 0.04711/0.04711, allocations: 6.916 MB / 209.2 MB, free: 5.238 MB / 170.7 MB
[/home/runner/.openmodelica/libraries/ModelicaAdditions 1.5.0/Blocks/package.mo:1:1-59:11:writable] Error: Expected the package to have within ModelicaAdditions; but got within ;.
Notification: Skipped loading package ModelicaAdditions (1.5,default) using MODELICAPATH /home/runner/.openmodelica/libraries/ (uses-annotation may be wrong).
Notification: Performance of FrontEnd - loaded program: time 0.02644/0.02644, allocations: 19.22 MB / 274.9 MB, free: 13.71 MB / 202.7 MB
Notification: Performance of FrontEnd - Absyn->SCode: time 0.05233/0.07878, allocations: 35.53 MB / 310.4 MB, free: 10.2 MB / 234.7 MB
Notification: Performance of NFInst.instantiate(PNlib.Models.PNproBP.Model): time 0.2871/0.366, allocations: 137.6 MB / 448 MB, free: 5.734 MB / 314.7 MB
[/home/runner/work/ExampleModelicaLibrary/ExampleModelicaLibrary/PNlib.mo:3162:5-3162:35:writable] Error: Function arcsin not found in scope Constants.
[/home/runner/work/ExampleModelicaLibrary/ExampleModelicaLibrary/PNlib.mo:2040:13-2042:19:writable] Error: Variable Constants.eps not found in scope activationDis.
Notification: Performance of FrontEnd: time 0.0005531/0.3666, allocations: 109.2 kB / 448.1 MB, free: 5.629 MB / 314.7 MB
